2014-07-09 14:05:01.723095	NameFormat Error: OAGDAN, Cristina T. Master of Arts in Education- School Administration-March 28, 1996
2014-07-09 14:06:04.530931	NameFormat Error: Hometown Address: 153 Lansang Compound, Corrales Avenue, Cagayan de Oro City
2014-07-09 14:06:06.055592	NameFormat Error: History-April 1, 2005
2014-07-09 14:06:06.055981	ERROR 	2007; MSU-Marawi; Hometown Address: Commercial Center, MSU Campus, 	Marawi City; Business and Residence Address: Not Available; ID # 05-1659  OLAY, Genalyn M.; Associate in Hotel and Restaurant Management-October 24, 2004;   

2014-07-09 14:06:06.056367	ERROR MSU-Marawi; Hometown Address: Purok Durian, Visayan Village, Tagum City; Business and Residence Address: Not Available (No ID number)OLAYAN, Angelina F.; Bachelor of Science in Forestry-April 9, 1985; MSU-Marawi; 

2014-07-09 14:06:07.643319	NameFormat Error: Hometown  Address: Lapuyan, Zamboanga del Sur
2014-07-09 14:06:07.643642	ERROR 	Marawi; Hometown  Address: 8606 Tubay, Agusan del Norte; Business Address: 	Faculty, Urios Saturnino College, Butuan City; Residence Address: Not 	Available; ID # 02-1339OLAYVAR, Elmer H.; Diploma in Engineering Technology-March 26, 1987; MSU-IIT; 

2014-07-09 14:06:07.643800	ERROR Hometown Address: Zamboanga City; Business and Residence Address: Not Available (No ID picture and ID number)OLAYVAR, Yolanda G.; Diploma in Agricultural Technology-April 6, 1993; MSU-  

2014-07-09 14:06:07.643926	ERROR Marawi; Hometown Address: 61 Bogac District, Mangagoy, Bislig City; Business and Residence Address: Not Available (No ID number)OLAZAN, Mamerto S.; B.S. in Accountancy-April 8, 2002; MSU-Marawi; Hometown   

2014-07-09 14:06:08.736670	NameFormat Error: Address: Evilla Street,  Purok Neptune, Telaje, Tandag, Surigao del Sur
2014-07-09 14:06:09.773564	NameFormat Error: Hometown Address: Central Mindanao University, Musuan, Bukidnon
2014-07-09 14:06:09.773943	ERROR Marawi; Hometown Address: Purok 2, Taligaman, Butuan City; Business and Residence Address: Not Available (No ID number)OLE, Imelda A.; B.S. in Elementary Education-Reading-April 7, 1987;  MSU-Marawi;  

2014-07-09 14:06:10.743618	NameFormat Error: Hometown Address: Isabel Village, Palao, Iligan City
2014-07-09 14:06:10.743938	ERROR 	Marawi; Hometown Address: Palao, Iligan City; Business Address: Supervisor, 	Petro Company, Block-3, DFRA Subdivision, Dalipuga, Iligan Cuty; Residence 	Address: Not Available (No ID number)OLE, Linda Vilma A. Bachelor of Science in Education-Physics-May 6, 1975;  MSU-

2014-07-09 14:06:10.744093	ERROR 	Marawi; Hometown Address:  Palao, Iligan City; Business Address: Professor, 	Physics Department, College of Natural Sciences and Mathematics, MSU-Marawi 	Campus; Residence Address: Not Available (No ID picture and ID number); 	Email Address: ms_ole2004@yahoo.com. OLE, Nenfa L.; Bachelor of Elementary Education-March 30, 1999; MSU-Marawi;   

2014-07-09 14:06:13.107976	NameFormat Error: Hometown Address: Zone 1, Barangay Del Carmen, Iligan City
2014-07-09 14:07:10.164834	ERROR Electrical Engineering-April 5, 1984; MSU-Marawi; Hometown Address: Isabel Village Palao, Iligan City; Business Address: Professor, Engineering Department., MSU-Iligan Institute of Technology, Bonifacio Drive, Tibanga, Iligan City; Residence Address: Not Available (No ID picture and ID number)and ID number)

2014-07-09 14:07:10.169386	ERROR MSU-Marawi; Hometown Address: Parang, Maguindanao; Business and Residence Address: Not Available (No ID picture and ID number)OLEO, Salvador B.; Diploma in Engineering Technology-March 23, 1985; MSU-IIT 

2014-07-09 14:07:12.447779	ERROR and Bachelor of Laws-April 1, 1997; MSU-Marawi at MSU-IIT Extension; Hometown  Address: Baybay Triumfo, Ozamis City; Business  and Residence Address: Not Available (No ID picture and ID number)OLET, Maria Leah Presy L.; Associate in Hotel and Restaurant Management-April 1, 

2014-07-09 14:07:12.733904	ERROR 2005 and B.S. inHotel and Restaurant Management-November 16, 2006; MSU-Marawi; Hometown Address: Purok 4, Taboc Sur, Oroquieta City; Business and Residence Address: Not Available; ID 3 05-1911; Mobile # 09216928912; Email Address: pray-icy@yahoo.com. OLI, Nancy P.; Diploma in Agricultural Technology-April 1, 2005; MSU-Marawi;   

2014-07-09 14:07:12.924734	ERROR Hometown Address: Purok 5, Taguibo, Butuan City; Business and Residence Address: Not Available; ID # 03-1945; Mobile # 09263560504OLILA, Carolina C.; BSBA-Economics-April 4, 2001;  MSU-Marawi; Hometown   

2014-07-09 14:07:13.152130	ERROR Address: Purok 4-A, Libertad, Butuan City; Business Address: Tourist Guide, Almont Hotel, Butuan City;  Residence Address: Not Available; ID # 01-0394OLILA, Marianne G.; BSBA-Management-April 4, 2001; MSU-Marawi; Hometown   

2014-07-09 14:07:14.132110	ERROR Address: Purok 4-A, Libertad, Butuan City 8600; Business Address: Department of Environment and Natural Resources, Butuan City; Residence Address: Not Available; ID # 01-0395OLINDANG, Gabriela B.; B.S. in Industrial Education-General Home Economics-April 

2014-07-09 14:07:14.291089	ERROR 7, 1988; MSU-IIT; Hometown Address: Mahayahay, Iligan City; Business and Residence Address: Not Available (No ID picture and ID number)OLINDING, Virginia M.; Bachelor of Secondary Education-Filipino-1997; MSU-Buug; 

2014-07-09 14:07:14.454244	ERROR Hometown Address: Lapuyan, Zamboanga del Sur; Business  and Residence Address: Not Available (No ID picture and ID number)OLING, Asum A.; Diploma in Agricultural Technology-April 5, 1990; MSU-Marawi;    

2014-07-09 14:07:14.613722	ERROR Hometown Address: Dilimbayan, Baloi, Lanao del Norte; Business  and Residence Address: Not Available (No ID number)OLINO, Rocellin A.; BSBA-Management-April 6, 1994; MSU-Marawi; Hometown   

2014-07-09 14:07:14.767781	ERROR Address: Lagao, General Santos C ity; Business  and Residence Address: Not Available (No ID number)OLIÑO, Oliva T.; Diploma in Engineering Technology-April 7, 1988; MSU-IIT; 

2014-07-09 14:07:14.927045	ERROR Hometown Address: Acmac, Santa Filomena, Iligan City; Business and Residence Address: Not Available (No ID picture and ID number)OLIPAS, David P.; Diploma in Forestry Technology-1992; MSU-Buug; Hometown    

2014-07-09 14:07:15.091082	ERROR Address: Tampilisan, Buug, Zamboanga Sibugay Province; Business  and Residence Address: Not Available (No ID picture and ID number)OLIPAS, Jerlyn M.; Diploma in Agricultural Technology-2006; MSU-Buug; 

2014-07-09 14:07:15.255500	ERROR Hometown Address: Diplahan, Zamboanga Sibugay Province; Business and Residence Address: Not Available (No ID picture and ID number)OLITA, Lani S.; B.S. in Social Work-December 2, 2003; MSU-Marawi; Hometown    

2014-07-09 14:07:15.414722	ERROR Address: 0005 Tambis Street, Purok Pag-asa, Bara-as, Iligan City; Business  and Residence Address: Not Available (No ID number)OLITRES, Meibe Ferrer; Bachelor of Science in Psychology-2007; MSU-Marawi; 

2014-07-09 14:07:15.573850	ERROR 	Hometown Address: Purok , Quezon Street, Santo Niño District, Pagadian City; 	Business and Residence Address: Not Available (No ID number); Email Address: 	moibz_wafer@yahoo.com. OLIVA, Adela Cenita E.; BSBA-Accounting-March 26, 1983; MSU-IIT; Hometown 

2014-07-09 14:07:15.727585	ERROR Address:  Cabili Avenue Extension, Iligan City; Business and Residence Address: Not Available (No ID picture and ID number)OLIVA, Eunice C.; BSBA-Management-April 1, 1997; MSU-Marawi; Hometown   

2014-07-09 14:07:15.897115	ERROR Address: Purok 1-A, Ampayon, Butuan City; Business  and Residence Address: Not Available (No ID number)OLIVA, Eva E.; Diploma in Secretarial Science-March 26, 1983; MSU-IIT; Hometown 

2014-07-09 14:07:16.056505	ERROR Address: Roque’s Apartment, Cabili Avenue, Iligan City; Business and Residence Address: Not Available (No ID picture and ID number)OLIVA, Leah E.; Doctor of Medicine-april 3, 1989; MSU-Marawi; Hometown Address:   

2014-07-09 14:07:16.056775	ERROR Iligan City; Business  and Residence Address: Not Available (No ID picture and ID number) – Passed medical licensure examOLIVA, Lovella C.; B.S. in Zoology-April 1, 1997; MSU-Marawi; Hometown Address:   

2014-07-09 14:07:16.210126	ERROR Purok 1-A, Ampayon, Butuan City; Business  and Residence Address: Not Available (No ID number)OLIVA, Vladimir P.; B.S. in Computer Science-April 7, 1989; MSU-IIT; Hometown    

2014-07-09 14:07:16.369264	ERROR Address: USM, Kabacan, North Cotabato; Business  and Residence Address: Not Available (No ID picture and ID number)OLIVAR, Doryll Y.; Diploma in Fisheries Technology-April 5, 2006; MSU-Marawi; 

2014-07-09 14:07:16.538904	ERROR Hometown Address: San Roque, Iligan City; Business and Residence Address: Not Available; ID # 05-1199; Mobile # 09202446100; Email Address: doryll-olivar@yahoo.com.  OLIVAR, Erlinda B.; B.S. in Chemical Engineering-April 1, 1980; MSU-Marawi;   

2014-07-09 14:07:16.703452	ERROR Hometown Address: Medina, Misamis Oriental; Business  and Residence Address: Not Available (No ID picture and ID number)OLIVAR, Ferlyn S.; B.S. in Social Work-November 16, 2006; MSU-Marawi; 

2014-07-09 14:07:20.565103	ERROR Hometown Address: 048 Purok Daisy, Rabe Compound, Barangay Visayan Village, Tagum City, Davao del Norte; Business and Residence Address: Not Available; ID # 05-1528; Mobile # 09108149804OLIVAR, Georgita B.; B.S. in Public Administration-April 9, 1985; MSU-Marawi;    

2014-07-09 14:07:23.703072	ERROR Hometown Address: Cabug, Medina, Misamis Oriental; Business  and Residence Address: Not Available (No ID number)OLIVAR, Guinee Y.; B.S. in Hotel and Restaurant Management-April 1, 2005; MSU-

2014-07-09 14:07:23.703346	ERROR Marawi; Hometown Address: Horizon Compound, San Roque, Iligan City; Business Address: Teacher, Iligan Medical Center College, Palao, Iligan City; Residence Address: Not Available; ID # 05-0393; Mobile # 09202446100; Email Address: given_iligan@hotmail.com. OLIVAR, Jo-an Sumbilon; Bachelor of Elementary Education-English-April 2, 2008; 

2014-07-09 14:07:23.703495	ERROR 	MSU-Marawi; Hometown Address: Molave, Zamboanga del Sur; Business and 	Residence Address: Not Available (No ID number); Mobile # 09106335080 OLIVAR, Jocelyn; Bachelor of Arts-Philosophy-April 5, 1986; MSU-Marawi;    

2014-07-10 10:25:06.119574	NameFormat Error: OAGDAN, Cristina T. Master of Arts in Education- School Administration-March 28, 1996
2014-07-10 10:31:48.551541	ERROR Puerto Princesa, Palawan; Business Address: The Palawan Bank, Minglanilla Branch, Minglanilla, Cebu Ciuty; Residence Address: Not Available (No ID picture and ID number)

2014-07-10 10:32:10.726636	ERROR Hometown Address: Puerto Princesa City, Palawan; Business and Residence Address: Not Available (No ID picture and ID number) 

2014-07-10 10:32:18.667122	ERROR OAGDAN, Cristina T. Master of Arts in Education- School Administration-March 28, 

2014-07-10 10:32:18.667378	ERROR 1996; MSU-Marawi; Hometown Address: Villaflor, Oroquieta City; Business Address: Graduate School, MSU-Marawi Campus; Residence Address: IH, 3rd Street, MSU Campus, Marawi City; ID # 01-0003 

2014-07-10 10:32:18.667530	ERROR OANES, Felipe F.; Bachelor of arts-Filipino-April 3, 1989 and Master of Arts-Filipino-

2014-07-10 10:32:37.371679	NameFormat Error: OAGDAN, Cristina T. Master of Arts in Education- School Administration-March 28, 1996
2014-07-10 10:33:43.010633	ERROR Hometown Address: 153 Lansang Compound, Corrales Avenue, Cagayan de Oro City; Business and Residence Address: Not Available (No ID picture and ID and ID number)OLASIMAN, Arnel A.; Forest Ranger Certificate-April 4, 2001 and Bachelor of Arts-

2014-07-22 13:56:03.894259	NameFormat Error: OAGDAN, Cristina T. Master of Arts in Education- School Administration-March 28, 1996
2014-07-22 13:56:12.777258	ERROR OBEDOZA, Sherlock; Bachelor of Science in Agricultural Engineering-November 21, 2007; MSU-Marawi; Hometown Address: San Francisco, Agusan del Sur; Business and Residence Address: Not Available (No ID picture and ID number) 

2014-07-22 13:56:26.990760	ERROR OBINA-ANO-OS, Nenita; B.S. in Agricultural Education/Extension-April 2, 1981;  MSU-Marawi; Hometown Address: Lower Langcangan, Oroquieta City; Business and Residence Address: Not Available (No ID picture and ID number)

2014-07-22 13:56:36.007298	ERROR OCAYA, Paul John; BSBA-Economics-April 7, 1987; MSU-Marawi; Hometown Address: Labason, Zamboanga del Norte; Business and Residence Address: Not Available (No ID number)	

2014-07-22 13:56:39.214664	ERROR OCHOTORENA, Bernadette; Bachelor of Arts-English-April 15, 1971; MSU-Marawi; Hometown Address: PC Sicayab, Dipolog City; Business Address: Socio Department, College of Arts and Sciences, UP Diliman, Quezon City; Residence Address: Not Available (No ID picture and ID number)

2014-07-22 13:57:11.095704	ERROR OLAMA, Jamael; Diploma in Agricultural Technology-April 2, 2003; MSU-Marawi;  Hometown Address: Binidayan, Lanao del Sur; Business and Residence Address: Not Available (No ID picture and ID number)

2014-07-22 13:57:18.310983	ERROR OLANDAG, Ariel; B.S. in Civil Engineering-April 5, 1990; MSU-Marawi; Hometown  Address: Calamba, Misamis Occidental; Business Address: MOELCI, Calamba, Misamis Occidental; Residence Address: Not Available (No ID picture and ID number)

2014-07-22 13:57:27.005742	ERROR OLARTE, Myra Mae; B.S. in Nursing-March 28, 1996; MSU-Marawi; Hometown   Address: 264 R. Palawan Street, Butuan City; Business and Residence Address: Not Available (No ID picture and ID number)

2014-07-22 13:57:30.759918	ERROR Hometown Address: 153 Lansang Compound, Corrales Avenue, Cagayan de Oro City; Business and Residence Address: Not Available (No ID picture and ID and ID number)OLASIMAN, Arnel A.; Forest Ranger Certificate-April 4, 2001 and Bachelor of Arts-

